This file contains any messages produced by compilers while
running configure, to aid debugging if configure makes a mistake.

It was created by HTSlib configure 1.3.2, which was
generated by GNU Autoconf 2.69.  Invocation command line was

  $ ./configure 

## --------- ##
## Platform. ##
## --------- ##

hostname = amc-tesla
uname -m = x86_64
uname -r = 2.6.32-131.0.15.el6.x86_64
uname -s = Linux
uname -v = #1 SMP Tue May 10 15:42:40 EDT 2011

/usr/bin/uname -p = unknown
/bin/uname -X     = unknown

/bin/arch              = x86_64
/usr/bin/arch -k       = unknown
/usr/convex/getsysinfo = unknown
/usr/bin/hostinfo      = unknown
/bin/machine           = unknown
/usr/bin/oslevel       = unknown
/bin/universe          = unknown

PATH: /vol1/software/modules-sw/java/jdk1.8.0_101/bin
PATH: /vol1/software/modules-sw/vim/7.4/bin
PATH: /vol1/software/modules-sw/cufflinks/2.2.0/bin
PATH: /vol1/software/modules-sw/bwa/0.7.10/bin
PATH: /vol1/software/modules-sw/bedtools/2.25.0/bin
PATH: /vol1/software/modules-sw/bowtie2/2.1.0
PATH: /vol1/software/modules-sw/tophat/2.0.13/bin
PATH: /vol1/software/modules-sw/bowtie/0.12.9
PATH: /vol1/software/modules-sw/samtools/1.3/bin
PATH: /vol1/software/modules-sw/hdf5/1.8.12/bin
PATH: /vol1/software/modules-sw/meme/4.9.0/bin
PATH: /vol1/software/modules-sw/ucsc/v308/bin
PATH: /vol1/software/modules-sw/blasr/blasr-new/bin
PATH: /vol1/software/modules-sw/sratoolkit/2.4.5-2/bin
PATH: /vol1/software/modules-sw/R/3.2.3/bin
PATH: /vol1/software/modules-sw/vt
PATH: /vol1/software/modules-sw/freebayes/freebayes-devel/bin
PATH: /vol1/software/modules-sw/freebayes/freebayes-devel/scripts
PATH: /vol1/software/modules-sw/freebayes/freebayes-devel/vcflib/bin
PATH: /vol1/software/modules-python/python3/3.4.0/bin
PATH: /usr/share/Modules/bin
PATH: /vol1/software/bin
PATH: /vol1/software/source-highlight/bin
PATH: /usr/lib64/qt-3.3/bin
PATH: /opt/kusu/bin
PATH: /opt/kusu/sbin
PATH: /usr/pgsql-9.0/bin
PATH: /usr/bin
PATH: /bin
PATH: /usr/local/bin
PATH: /local/bin
PATH: /sbin
PATH: /usr/sbin
PATH: /usr/ucb
PATH: /usr/sbin
PATH: /usr/bsd
PATH: /usr/share/pmc/gui/3.0/bin
PATH: /usr/share/pmc/perf/1.2/bin
PATH: /opt/lsf/7.0/linux2.6-glibc2.3-x86_64/etc
PATH: /opt/lsf/7.0/linux2.6-glibc2.3-x86_64/bin
PATH: /opt/kusu/bin
PATH: /opt/kusu/sbin
PATH: /usr/pgsql-9.0/bin
PATH: /opt/kusu/bin
PATH: /opt/kusu/sbin
PATH: /usr/pgsql-9.0/bin
PATH: /usr/local/bin
PATH: /bin
PATH: /usr/bin
PATH: /usr/local/sbin
PATH: /usr/sbin
PATH: /sbin
PATH: /opt/openmpi/bin
PATH: /opt/dell/srvadmin/bin
PATH: /vol1/software/modules-sw/gmtk/1.4.4/bin
PATH: /bin
PATH: /usr/bin
PATH: /usr/local/bin
PATH: /sbin
PATH: /usr/sbin
PATH: /usr/local/sbin
PATH: /vol3/home/riemondy/bin
PATH: /vol3/home/riemondy/.local/bin
PATH: /vol3/home/riemondy/.aspera/connect/bin
PATH: /vol3/home/riemondy/bin/blast
PATH: /vol3/home/riemondy/bin


## ----------- ##
## Core tests. ##
## ----------- ##

configure:2093: checking for gcc
configure:2109: found /usr/bin/gcc
configure:2120: result: gcc
configure:2349: checking for C compiler version
configure:2358: gcc --version >&5
gcc (GCC) 4.4.5 20110214 (Red Hat 4.4.5-6)
Copyright (C) 2010 Free Software Foundation, Inc.
This is free software; see the source for copying conditions.  There is NO
warranty; not even for MERCHANTABILITY or FITNESS FOR A PARTICULAR PURPOSE.

configure:2369: $? = 0
configure:2358: gcc -v >&5
Using built-in specs.
Target: x86_64-redhat-linux
Configured with: ../configure --prefix=/usr --mandir=/usr/share/man --infodir=/usr/share/info --with-bugurl=http://bugzilla.redhat.com/bugzilla --enable-bootstrap --enable-shared --enable-threads=posix --enable-checking=release --with-system-zlib --enable-__cxa_atexit --disable-libunwind-exceptions --enable-gnu-unique-object --enable-languages=c,c++,objc,obj-c++,java,fortran,ada --enable-java-awt=gtk --disable-dssi --with-java-home=/usr/lib/jvm/java-1.5.0-gcj-1.5.0.0/jre --enable-libgcj-multifile --enable-java-maintainer-mode --with-ecj-jar=/usr/share/java/eclipse-ecj.jar --disable-libjava-multilib --with-ppl --with-cloog --with-tune=generic --with-arch_32=i686 --build=x86_64-redhat-linux
Thread model: posix
gcc version 4.4.5 20110214 (Red Hat 4.4.5-6) (GCC) 
configure:2369: $? = 0
configure:2358: gcc -V >&5
gcc: '-V' option must have argument
configure:2369: $? = 1
configure:2358: gcc -qversion >&5
gcc: unrecognized option '-qversion'
gcc: no input files
configure:2369: $? = 1
configure:2389: checking whether the C compiler works
configure:2411: gcc    conftest.c  >&5
configure:2415: $? = 0
configure:2463: result: yes
configure:2466: checking for C compiler default output file name
configure:2468: result: a.out
configure:2474: checking for suffix of executables
configure:2481: gcc -o conftest    conftest.c  >&5
configure:2485: $? = 0
configure:2507: result: 
configure:2529: checking whether we are cross compiling
configure:2537: gcc -o conftest    conftest.c  >&5
configure:2541: $? = 0
configure:2548: ./conftest
configure:2552: $? = 0
configure:2567: result: no
configure:2572: checking for suffix of object files
configure:2594: gcc -c   conftest.c >&5
configure:2598: $? = 0
configure:2619: result: o
configure:2623: checking whether we are using the GNU C compiler
configure:2642: gcc -c   conftest.c >&5
configure:2642: $? = 0
configure:2651: result: yes
configure:2660: checking whether gcc accepts -g
configure:2680: gcc -c -g  conftest.c >&5
configure:2680: $? = 0
configure:2721: result: yes
configure:2738: checking for gcc option to accept ISO C89
configure:2801: gcc  -c -g -O2  conftest.c >&5
configure:2801: $? = 0
configure:2814: result: none needed
configure:2877: checking for ranlib
configure:2893: found /usr/bin/ranlib
configure:2904: result: ranlib
configure:2935: checking for special C compiler options needed for large files
configure:2980: result: no
configure:2986: checking for _FILE_OFFSET_BITS value needed for large files
configure:3011: gcc -c -g -O2  conftest.c >&5
configure:3011: $? = 0
configure:3043: result: no
configure:3193: checking how to run the C preprocessor
configure:3224: gcc -E  conftest.c
configure:3224: $? = 0
configure:3238: gcc -E  conftest.c
conftest.c:9:28: error: ac_nonexistent.h: No such file or directory
configure:3238: $? = 1
configure: failed program was:
| /* confdefs.h */
| #define PACKAGE_NAME "HTSlib"
| #define PACKAGE_TARNAME "htslib"
| #define PACKAGE_VERSION "1.3.2"
| #define PACKAGE_STRING "HTSlib 1.3.2"
| #define PACKAGE_BUGREPORT "samtools-help@lists.sourceforge.net"
| #define PACKAGE_URL "http://www.htslib.org/"
| /* end confdefs.h.  */
| #include <ac_nonexistent.h>
configure:3263: result: gcc -E
configure:3283: gcc -E  conftest.c
configure:3283: $? = 0
configure:3297: gcc -E  conftest.c
conftest.c:9:28: error: ac_nonexistent.h: No such file or directory
configure:3297: $? = 1
configure: failed program was:
| /* confdefs.h */
| #define PACKAGE_NAME "HTSlib"
| #define PACKAGE_TARNAME "htslib"
| #define PACKAGE_VERSION "1.3.2"
| #define PACKAGE_STRING "HTSlib 1.3.2"
| #define PACKAGE_BUGREPORT "samtools-help@lists.sourceforge.net"
| #define PACKAGE_URL "http://www.htslib.org/"
| /* end confdefs.h.  */
| #include <ac_nonexistent.h>
configure:3326: checking for grep that handles long lines and -e
configure:3384: result: /bin/grep
configure:3389: checking for egrep
configure:3451: result: /bin/grep -E
configure:3456: checking for ANSI C header files
configure:3476: gcc -c -g -O2  conftest.c >&5
configure:3476: $? = 0
configure:3549: gcc -o conftest -g -O2   conftest.c  >&5
configure:3549: $? = 0
configure:3549: ./conftest
configure:3549: $? = 0
configure:3560: result: yes
configure:3573: checking for sys/types.h
configure:3573: gcc -c -g -O2  conftest.c >&5
configure:3573: $? = 0
configure:3573: result: yes
configure:3573: checking for sys/stat.h
configure:3573: gcc -c -g -O2  conftest.c >&5
configure:3573: $? = 0
configure:3573: result: yes
configure:3573: checking for stdlib.h
configure:3573: gcc -c -g -O2  conftest.c >&5
configure:3573: $? = 0
configure:3573: result: yes
configure:3573: checking for string.h
configure:3573: gcc -c -g -O2  conftest.c >&5
configure:3573: $? = 0
configure:3573: result: yes
configure:3573: checking for memory.h
configure:3573: gcc -c -g -O2  conftest.c >&5
configure:3573: $? = 0
configure:3573: result: yes
configure:3573: checking for strings.h
configure:3573: gcc -c -g -O2  conftest.c >&5
configure:3573: $? = 0
configure:3573: result: yes
configure:3573: checking for inttypes.h
configure:3573: gcc -c -g -O2  conftest.c >&5
configure:3573: $? = 0
configure:3573: result: yes
configure:3573: checking for stdint.h
configure:3573: gcc -c -g -O2  conftest.c >&5
configure:3573: $? = 0
configure:3573: result: yes
configure:3573: checking for unistd.h
configure:3573: gcc -c -g -O2  conftest.c >&5
configure:3573: $? = 0
configure:3573: result: yes
configure:3591: checking for stdlib.h
configure:3591: result: yes
configure:3591: checking for unistd.h
configure:3591: result: yes
configure:3591: checking for sys/param.h
configure:3591: gcc -c -g -O2  conftest.c >&5
configure:3591: $? = 0
configure:3591: result: yes
configure:3611: checking for getpagesize
configure:3611: gcc -o conftest -g -O2   conftest.c  >&5
configure:3611: $? = 0
configure:3611: result: yes
configure:3620: checking for working mmap
configure:3767: gcc -o conftest -g -O2   conftest.c  >&5
configure:3767: $? = 0
configure:3767: ./conftest
configure:3767: $? = 0
configure:3777: result: yes
configure:3788: checking for gmtime_r
configure:3788: gcc -o conftest -g -O2   conftest.c  >&5
configure:3788: $? = 0
configure:3788: result: yes
configure:3869: checking for zlib.h
configure:3869: gcc -c -g -O2  conftest.c >&5
configure:3869: $? = 0
configure:3869: result: yes
configure:3878: checking for inflate in -lz
configure:3903: gcc -o conftest -g -O2   conftest.c -lz   >&5
configure:3903: $? = 0
configure:3912: result: yes
configure:4312: creating ./config.status

## ---------------------- ##
## Running config.status. ##
## ---------------------- ##

This file was extended by HTSlib config.status 1.3.2, which was
generated by GNU Autoconf 2.69.  Invocation command line was

  CONFIG_FILES    = 
  CONFIG_HEADERS  = 
  CONFIG_LINKS    = 
  CONFIG_COMMANDS = 
  $ ./config.status 

on amc-tesla

config.status:813: creating config.mk
config.status:813: creating config.h
config.status:983: config.h is unchanged

## ---------------- ##
## Cache variables. ##
## ---------------- ##

ac_cv_c_compiler_gnu=yes
ac_cv_env_CC_set=
ac_cv_env_CC_value=
ac_cv_env_CFLAGS_set=
ac_cv_env_CFLAGS_value=
ac_cv_env_CPPFLAGS_set=
ac_cv_env_CPPFLAGS_value=
ac_cv_env_CPP_set=
ac_cv_env_CPP_value=
ac_cv_env_LDFLAGS_set=
ac_cv_env_LDFLAGS_value=
ac_cv_env_LIBS_set=
ac_cv_env_LIBS_value=
ac_cv_env_build_alias_set=
ac_cv_env_build_alias_value=
ac_cv_env_host_alias_set=
ac_cv_env_host_alias_value=
ac_cv_env_target_alias_set=
ac_cv_env_target_alias_value=
ac_cv_func_getpagesize=yes
ac_cv_func_gmtime_r=yes
ac_cv_func_mmap_fixed_mapped=yes
ac_cv_header_inttypes_h=yes
ac_cv_header_memory_h=yes
ac_cv_header_stdc=yes
ac_cv_header_stdint_h=yes
ac_cv_header_stdlib_h=yes
ac_cv_header_string_h=yes
ac_cv_header_strings_h=yes
ac_cv_header_sys_param_h=yes
ac_cv_header_sys_stat_h=yes
ac_cv_header_sys_types_h=yes
ac_cv_header_unistd_h=yes
ac_cv_header_zlib_h=yes
ac_cv_lib_z_inflate=yes
ac_cv_objext=o
ac_cv_path_EGREP='/bin/grep -E'
ac_cv_path_GREP=/bin/grep
ac_cv_prog_CPP='gcc -E'
ac_cv_prog_ac_ct_CC=gcc
ac_cv_prog_ac_ct_RANLIB=ranlib
ac_cv_prog_cc_c89=
ac_cv_prog_cc_g=yes
ac_cv_sys_file_offset_bits=no
ac_cv_sys_largefile_CC=no

## ----------------- ##
## Output variables. ##
## ----------------- ##

CC='gcc'
CFLAGS='-g -O2'
CPP='gcc -E'
CPPFLAGS=''
CRYPTO_LIBS=''
DEFS='-DHAVE_CONFIG_H'
ECHO_C=''
ECHO_N='-n'
ECHO_T=''
EGREP='/bin/grep -E'
EXEEXT=''
GREP='/bin/grep'
LDFLAGS=''
LIBOBJS=''
LIBS=''
LTLIBOBJS=''
OBJEXT='o'
PACKAGE_BUGREPORT='samtools-help@lists.sourceforge.net'
PACKAGE_NAME='HTSlib'
PACKAGE_STRING='HTSlib 1.3.2'
PACKAGE_TARNAME='htslib'
PACKAGE_URL='http://www.htslib.org/'
PACKAGE_VERSION='1.3.2'
PATH_SEPARATOR=':'
RANLIB='ranlib'
SHELL='/bin/sh'
ac_ct_CC='gcc'
bindir='${exec_prefix}/bin'
build_alias=''
datadir='${datarootdir}'
datarootdir='${prefix}/share'
define_IRODS_HOME='IRODS_HOME ?= /disabled'
docdir='${datarootdir}/doc/${PACKAGE_TARNAME}'
dvidir='${docdir}'
enable_plugins='no'
exec_prefix='${prefix}'
host_alias=''
htmldir='${docdir}'
includedir='${prefix}/include'
infodir='${datarootdir}/info'
irods='disabled'
libcurl='disabled'
libdir='${exec_prefix}/lib'
libexecdir='${exec_prefix}/libexec'
localedir='${datarootdir}/locale'
localstatedir='${prefix}/var'
mandir='${datarootdir}/man'
oldincludedir='/usr/include'
pdfdir='${docdir}'
plugindir='$(libexecdir)/htslib'
pluginpath='$(libexecdir)/htslib'
prefix='/usr/local'
program_transform_name='s,x,x,'
psdir='${docdir}'
sbindir='${exec_prefix}/sbin'
sharedstatedir='${prefix}/com'
sysconfdir='${prefix}/etc'
target_alias=''

## ----------- ##
## confdefs.h. ##
## ----------- ##

/* confdefs.h */
#define PACKAGE_NAME "HTSlib"
#define PACKAGE_TARNAME "htslib"
#define PACKAGE_VERSION "1.3.2"
#define PACKAGE_STRING "HTSlib 1.3.2"
#define PACKAGE_BUGREPORT "samtools-help@lists.sourceforge.net"
#define PACKAGE_URL "http://www.htslib.org/"
#define STDC_HEADERS 1
#define HAVE_SYS_TYPES_H 1
#define HAVE_SYS_STAT_H 1
#define HAVE_STDLIB_H 1
#define HAVE_STRING_H 1
#define HAVE_MEMORY_H 1
#define HAVE_STRINGS_H 1
#define HAVE_INTTYPES_H 1
#define HAVE_STDINT_H 1
#define HAVE_UNISTD_H 1
#define HAVE_STDLIB_H 1
#define HAVE_UNISTD_H 1
#define HAVE_SYS_PARAM_H 1
#define HAVE_GETPAGESIZE 1
#define HAVE_MMAP 1
#define HAVE_GMTIME_R 1
#define HAVE_LIBZ 1

configure: exit 0
